<?xml version="1.0" encoding="UTF-8"?>
<testsuite xmlns:xsi="http://www.w3.org/2001/XMLSchema-instance" xsi:noNamespaceSchemaLocation="https://maven.apache.org/surefire/maven-surefire-plugin/xsd/surefire-test-report-3.0.xsd" version="3.0" name="category.CategoryServiceTest" time="2.156" tests="5" errors="0" skipped="0" failures="0">
  <properties>
[...]
</properties>
  <testcase name="must_search_all_categories" classname="category.CategoryServiceTest" time="2.028">
    <system-err><![CDATA[WARNING: A Java agent has been loaded dynamically (C:\Users\lucas\.m2\repository\net\bytebuddy\byte-buddy-agent\1.14.11\byte-buddy-agent-1.14.11.jar)
WARNING: If a serviceability tool is in use, please run with -XX:+EnableDynamicAgentLoading to hide this warning
WARNING: If a serviceability tool is not in use, please run with -Djdk.instrument.traceUsage for more information
WARNING: Dynamic loading of agents will be disallowed by default in a future release
]]></system-err>
  </testcase>
  <testcase name="must_call_a_save_method" classname="category.CategoryServiceTest" time="0.035"/>
  <testcase name="must_update_categories" classname="category.CategoryServiceTest" time="0.016"/>
  <testcase name="must_delete_categories" classname="category.CategoryServiceTest" time="0.009"/>
  <testcase name="must_save_a_new_category" classname="category.CategoryServiceTest" time="0.008"/>
</testsuite>